<?xml version="1.0" encoding="UTF-8"?>
<!-- Generated by org.testng.reporters.JUnitReportReporter -->
<testsuite hostname="DESKTOP-R8LNRUV" failures="0" tests="4" name="CICDDemoAPI.CICDDemoAPI.TestCase1" time="2.603" errors="0" timestamp="2022-11-14T22:00:54 MYT" skipped="0">
  <testcase classname="CICDDemoAPI.CICDDemoAPI.TestCase1" name="test3" time="0.178"/>
  <system-out/>
  <testcase classname="CICDDemoAPI.CICDDemoAPI.TestCase1" name="test2" time="0.207"/>
  <system-out/>
  <testcase classname="CICDDemoAPI.CICDDemoAPI.TestCase1" name="test4" time="2.036"/>
  <system-out/>
  <testcase classname="CICDDemoAPI.CICDDemoAPI.TestCase1" name="test1" time="0.182"/>
  <system-out/>
</testsuite> <!-- CICDDemoAPI.CICDDemoAPI.TestCase1 -->
