<?xml version="1.0" encoding="UTF-8"?>
<!-- Generated by org.testng.reporters.JUnitReportReporter -->
<testsuite hostname="DESKTOP-R8LNRUV" failures="0" tests="4" name="CICDDemoAPI.CICDDemoAPI.TestCase1" time="2.654" errors="0" timestamp="2022-11-14T22:10:45 MYT" skipped="0">
  <testcase classname="CICDDemoAPI.CICDDemoAPI.TestCase1" name="test4" time="0.211"/>
  <system-out/>
  <testcase classname="CICDDemoAPI.CICDDemoAPI.TestCase1" name="test3" time="0.179"/>
  <system-out/>
  <testcase classname="CICDDemoAPI.CICDDemoAPI.TestCase1" name="test2" time="0.190"/>
  <system-out/>
  <testcase classname="CICDDemoAPI.CICDDemoAPI.TestCase1" name="test1" time="2.074"/>
  <system-out/>
</testsuite> <!-- CICDDemoAPI.CICDDemoAPI.TestCase1 -->
